<?xml version="1.0" encoding="UTF-8"?>
<testsuite xmlns:xsi="http://www.w3.org/2001/XMLSchema-instance" xsi:noNamespaceSchemaLocation="https://maven.apache.org/surefire/maven-surefire-plugin/xsd/surefire-test-report.xsd" name="com.torrecampo.AppTest" time="0.338" tests="52" errors="0" skipped="0" failures="0">
  <properties>
    <property name="awt.toolkit" value="sun.lwawt.macosx.LWCToolkit"/>
    <property name="java.specification.version" value="12"/>
    <property name="sun.jnu.encoding" value="UTF-8"/>
    <property name="java.class.path" value="/Users/ryan/Documents/COSC/4353 Assignments/assignment5/triangletesting/target/test-classes:/Users/ryan/Documents/COSC/4353 Assignments/assignment5/triangletesting/target/classes:/Users/ryan/.m2/repository/junit/junit/4.11/junit-4.11.jar:/Users/ryan/.m2/repository/org/hamcrest/hamcrest-core/1.3/hamcrest-core-1.3.jar:"/>
    <property name="java.vm.vendor" value="Oracle Corporation"/>
    <property name="sun.arch.data.model" value="64"/>
    <property name="java.vendor.url" value="https://java.oracle.com/"/>
    <property name="os.name" value="Mac OS X"/>
    <property name="java.vm.specification.version" value="12"/>
    <property name="sun.java.launcher" value="SUN_STANDARD"/>
    <property name="user.country" value="US"/>
    <property name="sun.boot.library.path" value="/Library/Java/JavaVirtualMachines/jdk-12.0.2.jdk/Contents/Home/lib"/>
    <property name="sun.java.command" value="/Users/ryan/Documents/COSC/4353 Assignments/assignment5/triangletesting/target/surefire/surefirebooter15547844968235023071.jar /Users/ryan/Documents/COSC/4353 Assignments/assignment5/triangletesting/target/surefire 2019-11-10T17-45-35_505-jvmRun1 surefire6244989520814891222tmp surefire_02098547790423232102tmp"/>
    <property name="http.nonProxyHosts" value="local|*.local|169.254/16|*.169.254/16"/>
    <property name="jdk.debug" value="release"/>
    <property name="surefire.test.class.path" value="/Users/ryan/Documents/COSC/4353 Assignments/assignment5/triangletesting/target/test-classes:/Users/ryan/Documents/COSC/4353 Assignments/assignment5/triangletesting/target/classes:/Users/ryan/.m2/repository/junit/junit/4.11/junit-4.11.jar:/Users/ryan/.m2/repository/org/hamcrest/hamcrest-core/1.3/hamcrest-core-1.3.jar:"/>
    <property name="sun.cpu.endian" value="little"/>
    <property name="user.home" value="/Users/ryan"/>
    <property name="user.language" value="en"/>
    <property name="java.specification.vendor" value="Oracle Corporation"/>
    <property name="java.version.date" value="2019-07-16"/>
    <property name="java.home" value="/Library/Java/JavaVirtualMachines/jdk-12.0.2.jdk/Contents/Home"/>
    <property name="file.separator" value="/"/>
    <property name="basedir" value="/Users/ryan/Documents/COSC/4353 Assignments/assignment5/triangletesting"/>
    <property name="java.vm.compressedOopsMode" value="Zero based"/>
    <property name="line.separator" value="&#10;"/>
    <property name="java.specification.name" value="Java Platform API Specification"/>
    <property name="java.vm.specification.vendor" value="Oracle Corporation"/>
    <property name="java.awt.graphicsenv" value="sun.awt.CGraphicsEnvironment"/>
    <property name="surefire.real.class.path" value="/Users/ryan/Documents/COSC/4353 Assignments/assignment5/triangletesting/target/surefire/surefirebooter15547844968235023071.jar"/>
    <property name="sun.management.compiler" value="HotSpot 64-Bit Tiered Compilers"/>
    <property name="ftp.nonProxyHosts" value="local|*.local|169.254/16|*.169.254/16"/>
    <property name="java.runtime.version" value="12.0.2+10"/>
    <property name="user.name" value="ryan"/>
    <property name="path.separator" value=":"/>
    <property name="os.version" value="10.14.5"/>
    <property name="java.runtime.name" value="Java(TM) SE Runtime Environment"/>
    <property name="file.encoding" value="UTF-8"/>
    <property name="java.vm.name" value="Java HotSpot(TM) 64-Bit Server VM"/>
    <property name="localRepository" value="/Users/ryan/.m2/repository"/>
    <property name="java.vendor.url.bug" value="https://bugreport.java.com/bugreport/"/>
    <property name="java.io.tmpdir" value="/var/folders/_w/gzvzm88s7xs5klrx2tpb48b00000gn/T/"/>
    <property name="java.version" value="12.0.2"/>
    <property name="user.dir" value="/Users/ryan/Documents/COSC/4353 Assignments/assignment5/triangletesting"/>
    <property name="os.arch" value="x86_64"/>
    <property name="java.vm.specification.name" value="Java Virtual Machine Specification"/>
    <property name="java.library.path" value="/Users/ryan/Library/Java/Extensions:/Library/Java/Extensions:/Network/Library/Java/Extensions:/System/Library/Java/Extensions:/usr/lib/java:."/>
    <property name="java.vm.info" value="mixed mode, sharing"/>
    <property name="java.vendor" value="Oracle Corporation"/>
    <property name="java.vm.version" value="12.0.2+10"/>
    <property name="sun.io.unicode.encoding" value="UnicodeBig"/>
    <property name="socksNonProxyHosts" value="local|*.local|169.254/16|*.169.254/16"/>
    <property name="java.class.version" value="56.0"/>
  </properties>
  <testcase name="checkIsosceles2" classname="com.torrecampo.AppTest" time="0.013"/>
  <testcase name="checkIsosceles3" classname="com.torrecampo.AppTest" time="0"/>
  <testcase name="checkIsosceles4" classname="com.torrecampo.AppTest" time="0.001"/>
  <testcase name="checkIsosceles5" classname="com.torrecampo.AppTest" time="0.001"/>
  <testcase name="checkNotScalene1" classname="com.torrecampo.AppTest" time="0"/>
  <testcase name="checkNotScalene2" classname="com.torrecampo.AppTest" time="0.001"/>
  <testcase name="checkNotScalene3" classname="com.torrecampo.AppTest" time="0"/>
  <testcase name="checkNotScalene4" classname="com.torrecampo.AppTest" time="0"/>
  <testcase name="checkEquilateral" classname="com.torrecampo.AppTest" time="0"/>
  <testcase name="checkIsosceles" classname="com.torrecampo.AppTest" time="0"/>
  <testcase name="rejectDegenerateTriangle" classname="com.torrecampo.AppTest" time="0.004"/>
  <testcase name="checkNotRight" classname="com.torrecampo.AppTest" time="0.014"/>
  <testcase name="rejectInvalidTriangle1" classname="com.torrecampo.AppTest" time="0"/>
  <testcase name="rejectInvalidTriangle2" classname="com.torrecampo.AppTest" time="0"/>
  <testcase name="rejectInvalidTriangle3" classname="com.torrecampo.AppTest" time="0"/>
  <testcase name="rejectInvalidTriangle4" classname="com.torrecampo.AppTest" time="0"/>
  <testcase name="rejectInvalidTriangle5" classname="com.torrecampo.AppTest" time="0"/>
  <testcase name="rejectInvalidTriangle6" classname="com.torrecampo.AppTest" time="0"/>
  <testcase name="triangleIsValid1" classname="com.torrecampo.AppTest" time="0"/>
  <testcase name="triangleIsValid2" classname="com.torrecampo.AppTest" time="0"/>
  <testcase name="triangleIsValid3" classname="com.torrecampo.AppTest" time="0"/>
  <testcase name="triangleIsValid4" classname="com.torrecampo.AppTest" time="0.001"/>
  <testcase name="triangleIsValid5" classname="com.torrecampo.AppTest" time="0"/>
  <testcase name="triangleIsValid6" classname="com.torrecampo.AppTest" time="0.001"/>
  <testcase name="checkNotEquilateral" classname="com.torrecampo.AppTest" time="0"/>
  <testcase name="checkArea" classname="com.torrecampo.AppTest" time="0"/>
  <testcase name="checkRightIsosceles" classname="com.torrecampo.AppTest" time="0"/>
  <testcase name="checkNotIsosceles2" classname="com.torrecampo.AppTest" time="0"/>
  <testcase name="checkNotIsosceles3" classname="com.torrecampo.AppTest" time="0"/>
  <testcase name="checkNotIsosceles4" classname="com.torrecampo.AppTest" time="0"/>
  <testcase name="checkNotIsosceles5" classname="com.torrecampo.AppTest" time="0"/>
  <testcase name="checkNotIsosceles6" classname="com.torrecampo.AppTest" time="0"/>
  <testcase name="checkRight1" classname="com.torrecampo.AppTest" time="0"/>
  <testcase name="checkRight2" classname="com.torrecampo.AppTest" time="0.002"/>
  <testcase name="checkRight3" classname="com.torrecampo.AppTest" time="0"/>
  <testcase name="checkRight4" classname="com.torrecampo.AppTest" time="0"/>
  <testcase name="checkRight5" classname="com.torrecampo.AppTest" time="0"/>
  <testcase name="checkRight6" classname="com.torrecampo.AppTest" time="0"/>
  <testcase name="checkRightScalene" classname="com.torrecampo.AppTest" time="0"/>
  <testcase name="checkScalene1" classname="com.torrecampo.AppTest" time="0"/>
  <testcase name="checkScalene2" classname="com.torrecampo.AppTest" time="0"/>
  <testcase name="checkScalene3" classname="com.torrecampo.AppTest" time="0"/>
  <testcase name="checkScalene4" classname="com.torrecampo.AppTest" time="0"/>
  <testcase name="checkScalene5" classname="com.torrecampo.AppTest" time="0"/>
  <testcase name="checkScalene6" classname="com.torrecampo.AppTest" time="0"/>
  <testcase name="checkEquilateralIsosceles" classname="com.torrecampo.AppTest" time="0"/>
  <testcase name="nullPoint1" classname="com.torrecampo.AppTest" time="0"/>
  <testcase name="nullPoint2" classname="com.torrecampo.AppTest" time="0"/>
  <testcase name="nullPoint3" classname="com.torrecampo.AppTest" time="0"/>
  <testcase name="pointsConvertToSides" classname="com.torrecampo.AppTest" time="0"/>
  <testcase name="checkNotEquilateral2" classname="com.torrecampo.AppTest" time="0.001"/>
  <testcase name="checkSemiPerimeter" classname="com.torrecampo.AppTest" time="0.001"/>
</testsuite>